array(2) {
  ["webhookMessage"]=>
  string(66) "Retorno ao gravar webhook = Id do cadastro do webhook no banco: 30"
  ["dealMessage"]=>
  string(78) "Mensagem ao salvar o deal no banco de dadosId do cadastro da Venda no banco: 9"
}

array(2) {
  ["webhookMessage"]=>
  string(66) "Retorno ao gravar webhook = Id do cadastro do webhook no banco: 31"
  ["erro"]=>
  string(29) "Erro ao decodificar o webhook"
}

array(2) {
  ["webhookMessage"]=>
  string(66) "Retorno ao gravar webhook = Id do cadastro do webhook no banco: 32"
  ["dealMessage"]=>
  string(79) "Mensagem ao salvar o deal no banco de dadosId do cadastro da Venda no banco: 10"
}

string(1245) "<!DOCTYPE html PUBLIC "-//W3C//DTD XHTML 1.0 Strict//EN" "http://www.w3.org/TR/xhtml1/DTD/xhtml1-strict.dtd">
<html xmlns="http://www.w3.org/1999/xhtml">
<head>
<meta http-equiv="Content-Type" content="text/html; charset=iso-8859-1"/>
<title>404 - File or directory not found.</title>
<style type="text/css">
<!--
body{margin:0;font-size:.7em;font-family:Verdana, Arial, Helvetica, sans-serif;background:#EEEEEE;}
fieldset{padding:0 15px 10px 15px;} 
h1{font-size:2.4em;margin:0;color:#FFF;}
h2{font-size:1.7em;margin:0;color:#CC0000;} 
h3{font-size:1.2em;margin:10px 0 0 0;color:#000000;} 
#header{width:96%;margin:0 0 0 0;padding:6px 2% 6px 2%;font-family:"trebuchet MS", Verdana, sans-serif;color:#FFF;
background-color:#555555;}
#content{margin:0 0 0 2%;position:relative;}
.content-container{background:#FFF;width:96%;margin-top:8px;padding:10px;position:relative;}
-->
</style>
</head>
<body>
<div id="header"><h1>Server Error</h1></div>
<div id="content">
 <div class="content-container"><fieldset>
  <h2>404 - File or directory not found.</h2>
  <h3>The resource you are looking for might have been removed, had its name changed, or is temporarily unavailable.</h3>
 </fieldset></div>
</div>
</body>
</html>
"

string(1245) "<!DOCTYPE html PUBLIC "-//W3C//DTD XHTML 1.0 Strict//EN" "http://www.w3.org/TR/xhtml1/DTD/xhtml1-strict.dtd">
<html xmlns="http://www.w3.org/1999/xhtml">
<head>
<meta http-equiv="Content-Type" content="text/html; charset=iso-8859-1"/>
<title>404 - File or directory not found.</title>
<style type="text/css">
<!--
body{margin:0;font-size:.7em;font-family:Verdana, Arial, Helvetica, sans-serif;background:#EEEEEE;}
fieldset{padding:0 15px 10px 15px;} 
h1{font-size:2.4em;margin:0;color:#FFF;}
h2{font-size:1.7em;margin:0;color:#CC0000;} 
h3{font-size:1.2em;margin:10px 0 0 0;color:#000000;} 
#header{width:96%;margin:0 0 0 0;padding:6px 2% 6px 2%;font-family:"trebuchet MS", Verdana, sans-serif;color:#FFF;
background-color:#555555;}
#content{margin:0 0 0 2%;position:relative;}
.content-container{background:#FFF;width:96%;margin-top:8px;padding:10px;position:relative;}
-->
</style>
</head>
<body>
<div id="header"><h1>Server Error</h1></div>
<div id="content">
 <div class="content-container"><fieldset>
  <h2>404 - File or directory not found.</h2>
  <h3>The resource you are looking for might have been removed, had its name changed, or is temporarily unavailable.</h3>
 </fieldset></div>
</div>
</body>
</html>
"

string(1245) "<!DOCTYPE html PUBLIC "-//W3C//DTD XHTML 1.0 Strict//EN" "http://www.w3.org/TR/xhtml1/DTD/xhtml1-strict.dtd">
<html xmlns="http://www.w3.org/1999/xhtml">
<head>
<meta http-equiv="Content-Type" content="text/html; charset=iso-8859-1"/>
<title>404 - File or directory not found.</title>
<style type="text/css">
<!--
body{margin:0;font-size:.7em;font-family:Verdana, Arial, Helvetica, sans-serif;background:#EEEEEE;}
fieldset{padding:0 15px 10px 15px;} 
h1{font-size:2.4em;margin:0;color:#FFF;}
h2{font-size:1.7em;margin:0;color:#CC0000;} 
h3{font-size:1.2em;margin:10px 0 0 0;color:#000000;} 
#header{width:96%;margin:0 0 0 0;padding:6px 2% 6px 2%;font-family:"trebuchet MS", Verdana, sans-serif;color:#FFF;
background-color:#555555;}
#content{margin:0 0 0 2%;position:relative;}
.content-container{background:#FFF;width:96%;margin-top:8px;padding:10px;position:relative;}
-->
</style>
</head>
<body>
<div id="header"><h1>Server Error</h1></div>
<div id="content">
 <div class="content-container"><fieldset>
  <h2>404 - File or directory not found.</h2>
  <h3>The resource you are looking for might have been removed, had its name changed, or is temporarily unavailable.</h3>
 </fieldset></div>
</div>
</body>
</html>
"

string(622) "{
  "@odata.context":"https://public5-api2.ploomes.com/$metadata#InteractionRecords","value":[
    {
      "Id":409318065,"ContactId":408769646,"DealId":406004982,"Date":"2024-04-22T00:00:00-03:00","Length":null,"TypeId":1,"Title":"criada via c\u00f3digo","Content":"Nova intera\u00e7\u00e3o criada via codigo","Latitude":null,"Longitude":null,"VerifiedCheckIn":false,"OriginalTaskId":null,"TotalVoiceCallId":null,"EmailRecipients":null,"EmailSubject":null,"CreatorId":40024600,"UpdaterId":null,"LastUpdateDate":"2024-04-22T14:56:33.573-03:00","CreateDate":"2024-04-22T14:56:33.573-03:00","Editable":true
    }
  ]
}"

string(620) "{
  "@odata.context":"https://public5-api2.ploomes.com/$metadata#InteractionRecords","value":[
    {
      "Id":409318364,"ContactId":408769646,"DealId":406004982,"Date":"2024-04-22T00:00:00-03:00","Length":null,"TypeId":1,"Title":"criada via c\u00f3digo","Content":"Nova intera\u00e7\u00e3o criada via codigo","Latitude":null,"Longitude":null,"VerifiedCheckIn":false,"OriginalTaskId":null,"TotalVoiceCallId":null,"EmailRecipients":null,"EmailSubject":null,"CreatorId":40024600,"UpdaterId":null,"LastUpdateDate":"2024-04-22T15:01:08.87-03:00","CreateDate":"2024-04-22T15:01:08.87-03:00","Editable":true
    }
  ]
}"

string(122) "{
  "@odata.context":"https://public5-api2.ploomes.com/$metadata#Edm.String","value":"Your request has a wrong format"
}"

string(122) "{
  "@odata.context":"https://public5-api2.ploomes.com/$metadata#Edm.String","value":"Your request has a wrong format"
}"

string(122) "{
  "@odata.context":"https://public5-api2.ploomes.com/$metadata#Edm.String","value":"Your request has a wrong format"
}"

string(580) "{
  "@odata.context":"https://public5-api2.ploomes.com/$metadata#InteractionRecords","value":[
    {
      "Id":409321221,"ContactId":408769646,"DealId":null,"Date":"2024-04-22T00:00:00-03:00","Length":null,"TypeId":1,"Title":"Nota Fiscal emitida","Content":"NF: 123457","Latitude":null,"Longitude":null,"VerifiedCheckIn":false,"OriginalTaskId":null,"TotalVoiceCallId":null,"EmailRecipients":null,"EmailSubject":null,"CreatorId":40024600,"UpdaterId":null,"LastUpdateDate":"2024-04-22T15:39:41.25-03:00","CreateDate":"2024-04-22T15:39:41.25-03:00","Editable":true
    }
  ]
}"

array(2) {
  ["webhookMessage"]=>
  string(63) "Novo webhook criado id = Id do cadastro do webhook no banco: 35"
  ["dealMessage"]=>
  string(79) "Mensagem ao salvar o deal no banco de dadosId do cadastro da Venda no banco: 11"
}

array(2) {
  ["webhookMessage"]=>
  string(63) "Novo webhook criado id = Id do cadastro do webhook no banco: 42"
  ["dealMessage"]=>
  string(79) "Mensagem ao salvar o deal no banco de dadosId do cadastro da Venda no banco: 14"
}

array(2) {
  ["webhookMessage"]=>
  string(62) "Novo webhook criado id = Id do cadastro do webhook no banco: 5"
  ["returnPedidoOmie"]=>
  string(61) "Pedido criado no Omie via BICORP INTEGRAÇÃO pedido numero: "
}

array(1) {
  ["webhookMessage"]=>
  string(62) "Novo webhook criado id = Id do cadastro do webhook no banco: 6"
}

array(1) {
  ["webhookMessage"]=>
  string(62) "Novo webhook criado id = Id do cadastro do webhook no banco: 8"
}

array(3) {
  ["webhookMessage"]=>
  string(63) "Novo webhook criado id = Id do cadastro do webhook no banco: 17"
  ["dealMessage"]=>
  string(79) "Mensagem ao salvar o deal no banco de dadosId do cadastro da Venda no banco: 21"
  ["returnPedidoOmie"]=>
  string(97) "Pedido criado no Omie via BICORP INTEGRAÇÃO pedido numero: Id do cadastro da Venda no banco: 21"
}

array(3) {
  ["webhookMessage"]=>
  string(63) "Novo webhook criado id = Id do cadastro do webhook no banco: 25"
  ["dealMessage"]=>
  string(79) "Mensagem ao salvar o deal no banco de dadosId do cadastro da Venda no banco: 29"
  ["returnPedidoOmie"]=>
  string(61) "Pedido criado no Omie via BICORP INTEGRAÇÃO pedido numero: "
}

array(3) {
  ["webhookMessage"]=>
  string(63) "Novo webhook criado id = Id do cadastro do webhook no banco: 26"
  ["dealMessage"]=>
  string(79) "Mensagem ao salvar o deal no banco de dadosId do cadastro da Venda no banco: 30"
  ["returnPedidoOmie"]=>
  string(65) "Pedido criado no Omie via BICORP INTEGRAÇÃO pedido numero: 4914"
}

array(3) {
  ["webhookMessage"]=>
  string(63) "Novo webhook criado id = Id do cadastro do webhook no banco: 27"
  ["dealMessage"]=>
  string(79) "Mensagem ao salvar o deal no banco de dadosId do cadastro da Venda no banco: 31"
  ["returnPedidoOmie"]=>
  string(65) "Pedido criado no Omie via BICORP INTEGRAÇÃO pedido numero: 4915"
}

array(3) {
  ["webhookMessage"]=>
  string(63) "Novo webhook criado id = Id do cadastro do webhook no banco: 34"
  ["dealMessage"]=>
  string(79) "Mensagem ao salvar o deal no banco de dadosId do cadastro da Venda no banco: 38"
  ["returnPedidoOmie"]=>
  string(62) "Pedido criado no Omie via BICORP INTEGRAÇÃO pedido numero: 0"
}

array(3) {
  ["webhookMessage"]=>
  string(63) "Novo webhook criado id = Id do cadastro do webhook no banco: 36"
  ["dealMessage"]=>
  string(79) "Mensagem ao salvar o deal no banco de dadosId do cadastro da Venda no banco: 40"
  ["returnPedidoOmie"]=>
  string(62) "Pedido criado no Omie via BICORP INTEGRAÇÃO pedido numero: 0"
}

array(3) {
  ["webhookMessage"]=>
  string(63) "Novo webhook criado id = Id do cadastro do webhook no banco: 38"
  ["dealMessage"]=>
  string(79) "Mensagem ao salvar o deal no banco de dadosId do cadastro da Venda no banco: 42"
  ["returnPedidoOmie"]=>
  string(112) "ERROR: Pedido já cadastrado para o Código de Integração [402205278], Código [4464913493] e Número [4915] !"
}

array(3) {
  ["webhookMessage"]=>
  string(63) "Novo webhook criado id = Id do cadastro do webhook no banco: 39"
  ["dealMessage"]=>
  string(79) "Mensagem ao salvar o deal no banco de dadosId do cadastro da Venda no banco: 43"
  ["returnPedidoOmie"]=>
  string(65) "Pedido criado no Omie via BICORP INTEGRAÇÃO pedido numero: 4919"
}

array(2) {
  ["webhookMessage"]=>
  string(62) "Novo webhook criado id = Id do cadastro do webhook no banco: 4"
  ["erro"]=>
  string(55) "Não era um Card Ganho ou não havia venda na proposta!"
}

array(3) {
  ["webhookMessage"]=>
  string(63) "Novo webhook criado id = Id do cadastro do webhook no banco: 20"
  ["dealMessage"]=>
  string(78) "Mensagem ao salvar o deal no banco de dadosId do cadastro da Venda no banco: 3"
  ["returnPedidoOmie"]=>
  string(65) "Pedido criado no Omie via BICORP INTEGRAÇÃO pedido numero: 4948"
}

array(3) {
  ["webhookMessage"]=>
  string(63) "Novo webhook criado id = Id do cadastro do webhook no banco: 23"
  ["dealMessage"]=>
  string(78) "Mensagem ao salvar o deal no banco de dadosId do cadastro da Venda no banco: 4"
  ["returnPedidoOmie"]=>
  string(65) "Pedido criado no Omie via BICORP INTEGRAÇÃO pedido numero: 4949"
}

array(3) {
  ["webhookMessage"]=>
  string(63) "Novo webhook criado id = Id do cadastro do webhook no banco: 28"
  ["dealMessage"]=>
  string(78) "Mensagem ao salvar o deal no banco de dadosId do cadastro da Venda no banco: 6"
  ["returnPedidoOmie"]=>
  string(112) "ERROR: Pedido já cadastrado para o Código de Integração [402222465], Código [4466239460] e Número [4949] !"
}

array(3) {
  ["webhookMessage"]=>
  string(63) "Novo webhook criado id = Id do cadastro do webhook no banco: 29"
  ["dealMessage"]=>
  string(78) "Mensagem ao salvar o deal no banco de dadosId do cadastro da Venda no banco: 7"
  ["returnPedidoOmie"]=>
  string(105) "ERROR: É obrigatório o preenchimento da tag [tipo_desconto]! Informe V para valor ou P para percentual."
}

array(3) {
  ["webhookMessage"]=>
  string(63) "Novo webhook criado id = Id do cadastro do webhook no banco: 30"
  ["dealMessage"]=>
  string(78) "Mensagem ao salvar o deal no banco de dadosId do cadastro da Venda no banco: 8"
  ["returnPedidoOmie"]=>
  string(65) "Pedido criado no Omie via BICORP INTEGRAÇÃO pedido numero: 4950"
}

array(3) {
  ["webhookMessage"]=>
  string(63) "Novo webhook criado id = Id do cadastro do webhook no banco: 36"
  ["dealMessage"]=>
  string(78) "Mensagem ao salvar o deal no banco de dadosId do cadastro da Venda no banco: 9"
  ["returnPedidoOmie"]=>
  string(65) "Pedido criado no Omie via BICORP INTEGRAÇÃO pedido numero: 4951"
}

array(3) {
  ["webhookMessage"]=>
  string(63) "Novo webhook criado id = Id do cadastro do webhook no banco: 37"
  ["dealMessage"]=>
  string(79) "Mensagem ao salvar o deal no banco de dadosId do cadastro da Venda no banco: 10"
  ["returnPedidoOmie"]=>
  string(65) "Pedido criado no Omie via BICORP INTEGRAÇÃO pedido numero: 4952"
}

array(3) {
  ["webhookMessage"]=>
  string(63) "Novo webhook criado id = Id do cadastro do webhook no banco: 38"
  ["dealMessage"]=>
  string(79) "Mensagem ao salvar o deal no banco de dadosId do cadastro da Venda no banco: 11"
  ["returnPedidoOmie"]=>
  string(65) "Pedido criado no Omie via BICORP INTEGRAÇÃO pedido numero: 4953"
}

array(3) {
  ["webhookMessage"]=>
  string(63) "Novo webhook criado id = Id do cadastro do webhook no banco: 39"
  ["dealMessage"]=>
  string(79) "Mensagem ao salvar o deal no banco de dadosId do cadastro da Venda no banco: 12"
  ["returnPedidoOmie"]=>
  string(147) "ERROR: É obrigatório o preenchimento da tag [perc_desconto_pedido] ou [valor_desconto_pedido] quando a tag [tipo_desconto_pedido] for preenchida."
}

string(55) "Não era um Card Ganho ou não havia venda na proposta!"

string(55) "Não era um Card Ganho ou não havia venda na proposta!"

string(55) "Não era um Card Ganho ou não havia venda na proposta!"

string(31) "Base de faturamento inexistente"

string(31) "Base de faturamento inexistente"

string(31) "Base de faturamento inexistente"

string(55) "Não era um Card Ganho ou não havia venda na proposta!"

string(77) "Não era um Card Ganho ou não havia venda na proposta do webhook Id 40014790"

array(3) {
  ["webhookMessage"]=>
  string(63) "Novo webhook criado id = Id do cadastro do webhook no banco: 65"
  ["dealMessage"]=>
  string(79) "Mensagem ao salvar o deal no banco de dadosId do cadastro da Venda no banco: 16"
  ["returnPedidoOmie"]=>
  string(49) "ERROR: O preenchimento da tag [det] obrigatório!"
}

array(3) {
  ["webhookMessage"]=>
  string(63) "Novo webhook criado id = Id do cadastro do webhook no banco: 66"
  ["dealMessage"]=>
  string(79) "Mensagem ao salvar o deal no banco de dadosId do cadastro da Venda no banco: 17"
  ["returnPedidoOmie"]=>
  string(49) "ERROR: O preenchimento da tag [det] obrigatório!"
}

array(3) {
  ["webhookMessage"]=>
  string(63) "Novo webhook criado id = Id do cadastro do webhook no banco: 67"
  ["dealMessage"]=>
  string(79) "Mensagem ao salvar o deal no banco de dadosId do cadastro da Venda no banco: 18"
  ["returnPedidoOmie"]=>
  string(49) "ERROR: O preenchimento da tag [det] obrigatório!"
}

array(3) {
  ["webhookMessage"]=>
  string(63) "Novo webhook criado id = Id do cadastro do webhook no banco: 68"
  ["dealMessage"]=>
  string(79) "Mensagem ao salvar o deal no banco de dadosId do cadastro da Venda no banco: 19"
  ["returnPedidoOmie"]=>
  string(49) "ERROR: O preenchimento da tag [det] obrigatório!"
}

string(73) "CNPJ do cliente está errado ou cliente não está cadastrado no Omie ERP"

array(3) {
  ["webhookMessage"]=>
  string(63) "Novo webhook criado id = Id do cadastro do webhook no banco: 79"
  ["dealMessage"]=>
  string(79) "Mensagem ao salvar o deal no banco de dadosId do cadastro da Venda no banco: 20"
  ["returnPedidoOmie"]=>
  string(49) "ERROR: O preenchimento da tag [det] obrigatório!"
}

string(67) "Venda Id: 402222465 não encontrada no Ploomes webhook id: 40014790"

array(3) {
  ["webhookMessage"]=>
  string(63) "Novo webhook criado id = Id do cadastro do webhook no banco: 90"
  ["dealMessage"]=>
  string(79) "Mensagem ao salvar o deal no banco de dadosId do cadastro da Venda no banco: 21"
  ["returnPedidoOmie"]=>
  string(62) "Pedido criado no Omie via BICORP INTEGRAÇÃO pedido numero: 0"
}

array(3) {
  ["webhookMessage"]=>
  string(64) "Novo webhook criado id = Id do cadastro do webhook no banco: 105"
  ["dealMessage"]=>
  string(79) "Mensagem ao salvar o deal no banco de dadosId do cadastro da Venda no banco: 22"
  ["returnPedidoOmie"]=>
  string(62) "Pedido criado no Omie via BICORP INTEGRAÇÃO pedido numero: 0"
}

array(3) {
  ["webhookMessage"]=>
  string(64) "Novo webhook criado id = Id do cadastro do webhook no banco: 106"
  ["dealMessage"]=>
  string(79) "Mensagem ao salvar o deal no banco de dadosId do cadastro da Venda no banco: 23"
  ["returnPedidoOmie"]=>
  string(62) "Pedido criado no Omie via BICORP INTEGRAÇÃO pedido numero: 0"
}

array(3) {
  ["webhookMessage"]=>
  string(64) "Novo webhook criado id = Id do cadastro do webhook no banco: 108"
  ["dealMessage"]=>
  string(79) "Mensagem ao salvar o deal no banco de dadosId do cadastro da Venda no banco: 25"
  ["returnPedidoOmie"]=>
  string(62) "Pedido criado no Omie via BICORP INTEGRAÇÃO pedido numero: 0"
}
-------string(112) "ERROR: Pedido já cadastrado para o Código de Integração [402248583], Código [4466636340] e Número [4977] !"

array(3) {
  ["webhookMessage"]=>
  string(64) "Novo webhook criado id = Id do cadastro do webhook no banco: 121"
  ["dealMessage"]=>
  string(79) "Mensagem ao salvar o deal no banco de dadosId do cadastro da Venda no banco: 38"
  ["returnPedidoOmie"]=>
  string(65) "Pedido criado no Omie via BICORP INTEGRAÇÃO pedido numero: 4978"
}

string(60) "Base de faturamento inexistente para o webhook Id: 40014790 "

string(67) "Venda Id: 402248583 não encontrada no Ploomes webhook id: 40014790"

string(77) "Não era um Card Ganho ou não havia venda na proposta do webhook Id 40014790"

string(67) "Venda Id: 402211265 não encontrada no Ploomes webhook id: 40014790"

string(67) "Venda Id: 402204605 não encontrada no Ploomes webhook id: 40014790"

string(67) "Venda Id: 402202630 não encontrada no Ploomes webhook id: 40014790"

string(67) "Venda Id: 402170135 não encontrada no Ploomes webhook id: 40014790"

string(67) "Venda Id: 402168271 não encontrada no Ploomes webhook id: 40014790"

string(67) "Venda Id: 402168241 não encontrada no Ploomes webhook id: 40014790"

string(67) "Venda Id: 402161476 não encontrada no Ploomes webhook id: 40014790"

string(60) "Base de faturamento inexistente para o webhook Id: 40015752 "

string(77) "Não era um Card Ganho ou não havia venda na proposta do webhook Id 40015752"

string(67) "Venda Id: 402160713 não encontrada no Ploomes webhook id: 40014790"

string(77) "Não era um Card Ganho ou não havia venda na proposta do webhook Id 40014790"

string(77) "Não era um Card Ganho ou não havia venda na proposta do webhook Id 40015752"

string(60) "Base de faturamento inexistente para o webhook Id: 40015752 "

string(67) "Venda Id: 402152929 não encontrada no Ploomes webhook id: 40014790"

string(67) "Venda Id: 402152151 não encontrada no Ploomes webhook id: 40014790"

string(67) "Venda Id: 402152121 não encontrada no Ploomes webhook id: 40014790"

string(73) "Cliente não informado ou não cadastrado no Omie ERP webhookId: 40014790"

string(67) "Venda Id: 402149904 não encontrada no Ploomes webhook id: 40014790"

string(67) "Venda Id: 402124669 não encontrada no Ploomes webhook id: 40014790"

string(97) "ERROR: O produto [PDR35] está inativo !(Id: 3341714379 / Integração: ) - Tag: [codigo_produto]"

array(3) {
  ["webhookMessage"]=>
  string(64) "Novo webhook criado id = Id do cadastro do webhook no banco: 147"
  ["dealMessage"]=>
  string(32) "Id do Deal no Banco de Dados: 40"
  ["returnPedidoOmie"]=>
  string(65) "Pedido criado no Omie via BICORP INTEGRAÇÃO pedido numero: 1397"
}

array(3) {
  ["webhookMessage"]=>
  string(64) "Novo webhook criado id = Id do cadastro do webhook no banco: 148"
  ["dealMessage"]=>
  string(32) "Id do Deal no Banco de Dados: 41"
  ["returnPedidoOmie"]=>
  string(64) "Pedido criado no Omie via BICORP INTEGRAÇÃO pedido numero: 588"
}

array(3) {
  ["webhookMessage"]=>
  string(64) "Novo webhook criado id = Id do cadastro do webhook no banco: 149"
  ["dealMessage"]=>
  string(32) "Id do Deal no Banco de Dados: 42"
  ["returnPedidoOmie"]=>
  string(65) "Pedido criado no Omie via BICORP INTEGRAÇÃO pedido numero: 5016"
}

